/Users/james/.rubies/ruby-2.1.2/bin/ruby: warning: RUBY_HEAP_MIN_SLOTS is obsolete. Use RUBY_GC_HEAP_INIT_SLOTS instead.
Configuration file: /Users/james/Documents/src/bowtie-lite/beer/_config.yml
            Source: /Users/james/Documents/src/bowtie-lite/beer
       Destination: /Users/james/Documents/src/bowtie-lite/beer/_site
      Generating... 
["400.html", "403.html", "404.html", "500.html", "about.md", "css", "dashboard.html", "favicon.ico", "feed.xml", "img", "index.html", "index.json", "js", "maintenance", "nohup.out", "posts.html", "serve.rb", "serve.sh", "settings.json", "vendor"]
["main.scss"]
["404.png", "404@2x.png", "apple-touch-icon-114x114-precomposed.png", "apple-touch-icon-144x144-precomposed.png", "apple-touch-icon-72x72-precomposed.png", "apple-touch-icon-precomposed.png", "backgrounds", "bt-logo-gray150.png", "bt-logo-gray150@2x.png", "bt-logo-rev.png", "bt-logo-rev@2x.png", "bt-logo.png", "bt-logo@2x.png", "death-tiec.jpg", "death-tiec@2x.jpg", "favicon-16x16.png", "favicon-32x32.png", "logo.png", "logo@2x.png", "rocket.png", "tie-gray.png", "user1.png", "user2.png"]
["argyle.png", "argyle_@2X.png", "bg2.jpg", "bg2@2x.jpg", "bgLight.png"]
["application.js", "countdown.js", "index.js", "prospect.js", "smoothscroll.js", "theme.js"]
["css", "favicon.ico", "img", "index.html", "vendor"]
["application.css", "theme.css"]
["backgrounds", "favicon-16x16.png", "favicon-32x32.png"]
["bg2.jpg", "bg2@2x.jpg"]
["bootstrap", "font-awesome"]
["dist"]
["css"]
["bootstrap.css"]
["css"]
["font-awesome.min.css"]
["bootstrap", "bowtie", "font-awesome", "jquery", "jquery.countdown", "magnific-popup", "retina.js"]
["bower.json", "dist", "Gruntfile.js", "js", "less", "LICENSE", "package.json", "README.md"]
["css", "fonts", "js"]
["bootstrap-theme.css", "bootstrap-theme.css.map", "bootstrap-theme.min.css", "bootstrap.css", "bootstrap.css.map", "bootstrap.min.css"]
["glyphicons-halflings-regular.eot", "glyphicons-halflings-regular.svg", "glyphicons-halflings-regular.ttf", "glyphicons-halflings-regular.woff"]
["bootstrap.js", "bootstrap.min.js", "npm.js"]
[]
[]
["bowtie.js", "bowtie.min.js", "Gulpfile.js", "package.json", "src", "vendor"]
["main.js"]
["handlebars.js", "jquery.turbolinks.min.js", "turbolinks.js"]
["bower.json", "css", "fonts", "scss"]
["font-awesome.css", "font-awesome.min.css"]
["fontawesome-webfont.eot", "fontawesome-webfont.svg", "fontawesome-webfont.ttf", "fontawesome-webfont.woff", "FontAwesome.otf"]
["font-awesome.scss"]
["bower.json", "dist", "MIT-LICENSE.txt"]
["jquery.js", "jquery.min.js", "jquery.min.map"]
["bower.json", "countdown.jquery.json", "dist", "karma.conf.js", "LICENSE.md", "README.md"]
["jquery.countdown.js", "jquery.countdown.min.js"]
["bower.json", "dist", "Gruntfile.js", "magnific-popup.jquery.json", "package.json", "README.md", "src"]
["jquery.magnific-popup.js", "jquery.magnific-popup.min.js", "magnific-popup.css"]
["css", "js"]
["main.scss"]
["ajax.js", "core.js", "fastclick.js", "gallery.js", "iframe.js", "image.js", "inline.js", "retina.js", "zoom.js"]
["bower.json", "dist", "Gruntfile.js", "LICENSE", "package.json", "README.md"]
["retina-1.3.0.zip", "retina.js", "retina.min.js"]
                    done.
 Auto-regeneration: enabled for '/Users/james/Documents/src/bowtie-lite/beer'
Configuration file: /Users/james/Documents/src/bowtie-lite/beer/_config.yml
    Server address: http://127.0.0.1:4000/
  Server running... press ctrl-c to stop.
      Regenerating: 1 files at 2015-01-21 17:06:26 ["400.html", "403.html", "404.html", "500.html", "about.md", "css", "dashboard.html", "favicon.ico", "feed.xml", "img", "index.html", "index.json", "js", "maintenance", "nohup.out", "posts.html", "serve.rb", "serve.sh", "settings.json", "vendor"]
["main.scss"]
["404.png", "404@2x.png", "apple-touch-icon-114x114-precomposed.png", "apple-touch-icon-144x144-precomposed.png", "apple-touch-icon-72x72-precomposed.png", "apple-touch-icon-precomposed.png", "backgrounds", "bt-logo-gray150.png", "bt-logo-gray150@2x.png", "bt-logo-rev.png", "bt-logo-rev@2x.png", "bt-logo.png", "bt-logo@2x.png", "death-tiec.jpg", "death-tiec@2x.jpg", "favicon-16x16.png", "favicon-32x32.png", "logo.png", "logo@2x.png", "rocket.png", "tie-gray.png", "user1.png", "user2.png"]
["argyle.png", "argyle_@2X.png", "bg2.jpg", "bg2@2x.jpg", "bgLight.png"]
["application.js", "countdown.js", "index.js", "prospect.js", "smoothscroll.js", "theme.js"]
["css", "favicon.ico", "img", "index.html", "vendor"]
["application.css", "theme.css"]
["backgrounds", "favicon-16x16.png", "favicon-32x32.png"]
["bg2.jpg", "bg2@2x.jpg"]
["bootstrap", "font-awesome"]
["dist"]
["css"]
["bootstrap.css"]
["css"]
["font-awesome.min.css"]
["bootstrap", "bowtie", "font-awesome", "jquery", "jquery.countdown", "magnific-popup", "retina.js"]
["bower.json", "dist", "Gruntfile.js", "js", "less", "LICENSE", "package.json", "README.md"]
["css", "fonts", "js"]
["bootstrap-theme.css", "bootstrap-theme.css.map", "bootstrap-theme.min.css", "bootstrap.css", "bootstrap.css.map", "bootstrap.min.css"]
["glyphicons-halflings-regular.eot", "glyphicons-halflings-regular.svg", "glyphicons-halflings-regular.ttf", "glyphicons-halflings-regular.woff"]
["bootstrap.js", "bootstrap.min.js", "npm.js"]
[]
[]
["bowtie.js", "bowtie.min.js", "Gulpfile.js", "package.json", "src", "vendor"]
["main.js"]
["handlebars.js", "jquery.turbolinks.min.js", "turbolinks.js"]
["bower.json", "css", "fonts", "scss"]
["font-awesome.css", "font-awesome.min.css"]
["fontawesome-webfont.eot", "fontawesome-webfont.svg", "fontawesome-webfont.ttf", "fontawesome-webfont.woff", "FontAwesome.otf"]
["font-awesome.scss"]
["bower.json", "dist", "MIT-LICENSE.txt"]
["jquery.js", "jquery.min.js", "jquery.min.map"]
["bower.json", "countdown.jquery.json", "dist", "karma.conf.js", "LICENSE.md", "README.md"]
["jquery.countdown.js", "jquery.countdown.min.js"]
["bower.json", "dist", "Gruntfile.js", "magnific-popup.jquery.json", "package.json", "README.md", "src"]
["jquery.magnific-popup.js", "jquery.magnific-popup.min.js", "magnific-popup.css"]
["css", "js"]
["main.scss"]
["ajax.js", "core.js", "fastclick.js", "gallery.js", "iframe.js", "image.js", "inline.js", "retina.js", "zoom.js"]
["bower.json", "dist", "Gruntfile.js", "LICENSE", "package.json", "README.md"]
["retina-1.3.0.zip", "retina.js", "retina.min.js"]
...done.
      Regenerating: 2 files at 2015-01-21 17:07:09 ["400.html", "403.html", "404.html", "500.html", "about.md", "css", "dashboard.html", "favicon.ico", "feed.xml", "img", "index.html", "index.json", "js", "maintenance", "nohup.out", "posts.html", "serve.rb", "serve.sh", "settings.json", "vendor"]
["main.scss"]
["404.png", "404@2x.png", "apple-touch-icon-114x114-precomposed.png", "apple-touch-icon-144x144-precomposed.png", "apple-touch-icon-72x72-precomposed.png", "apple-touch-icon-precomposed.png", "backgrounds", "bt-logo-gray150.png", "bt-logo-gray150@2x.png", "bt-logo-rev.png", "bt-logo-rev@2x.png", "bt-logo.png", "bt-logo@2x.png", "death-tiec.jpg", "death-tiec@2x.jpg", "favicon-16x16.png", "favicon-32x32.png", "logo.png", "logo@2x.png", "rocket.png", "tie-gray.png", "user1.png", "user2.png"]
["argyle.png", "argyle_@2X.png", "bg2.jpg", "bg2@2x.jpg", "bgLight.png"]
["application.js", "countdown.js", "index.js", "prospect.js", "smoothscroll.js", "theme.js"]
["css", "favicon.ico", "img", "index.html", "vendor"]
["application.css", "theme.css"]
["backgrounds", "favicon-16x16.png", "favicon-32x32.png"]
["bg2.jpg", "bg2@2x.jpg"]
["bootstrap", "font-awesome"]
["dist"]
["css"]
["bootstrap.css"]
["css"]
["font-awesome.min.css"]
["bootstrap", "bowtie", "font-awesome", "jquery", "jquery.countdown", "magnific-popup", "retina.js"]
["bower.json", "dist", "Gruntfile.js", "js", "less", "LICENSE", "package.json", "README.md"]
["css", "fonts", "js"]
["bootstrap-theme.css", "bootstrap-theme.css.map", "bootstrap-theme.min.css", "bootstrap.css", "bootstrap.css.map", "bootstrap.min.css"]
["glyphicons-halflings-regular.eot", "glyphicons-halflings-regular.svg", "glyphicons-halflings-regular.ttf", "glyphicons-halflings-regular.woff"]
["bootstrap.js", "bootstrap.min.js", "npm.js"]
[]
[]
["bowtie.js", "bowtie.min.js", "Gulpfile.js", "package.json", "src", "vendor"]
["main.js"]
["handlebars.js", "jquery.turbolinks.min.js", "turbolinks.js"]
["bower.json", "css", "fonts", "scss"]
["font-awesome.css", "font-awesome.min.css"]
["fontawesome-webfont.eot", "fontawesome-webfont.svg", "fontawesome-webfont.ttf", "fontawesome-webfont.woff", "FontAwesome.otf"]
["font-awesome.scss"]
["bower.json", "dist", "MIT-LICENSE.txt"]
["jquery.js", "jquery.min.js", "jquery.min.map"]
["bower.json", "countdown.jquery.json", "dist", "karma.conf.js", "LICENSE.md", "README.md"]
["jquery.countdown.js", "jquery.countdown.min.js"]
["bower.json", "dist", "Gruntfile.js", "magnific-popup.jquery.json", "package.json", "README.md", "src"]
["jquery.magnific-popup.js", "jquery.magnific-popup.min.js", "magnific-popup.css"]
["css", "js"]
["main.scss"]
["ajax.js", "core.js", "fastclick.js", "gallery.js", "iframe.js", "image.js", "inline.js", "retina.js", "zoom.js"]
["bower.json", "dist", "Gruntfile.js", "LICENSE", "package.json", "README.md"]
["retina-1.3.0.zip", "retina.js", "retina.min.js"]
...done.
/Users/james/.rubies/ruby-2.1.2/bin/ruby: warning: RUBY_HEAP_MIN_SLOTS is obsolete. Use RUBY_GC_HEAP_INIT_SLOTS instead.
Configuration file: /Users/james/Documents/src/bowtie-lite/beer/_config.yml
            Source: /Users/james/Documents/src/bowtie-lite/beer
       Destination: /Users/james/Documents/src/bowtie-lite/beer/_site
      Generating... 
["400.html", "403.html", "404.html", "500.html", "about.md", "css", "dashboard.html", "favicon.ico", "feed.xml", "img", "index.html", "index.json", "js", "maintenance", "nohup.out", "posts.html", "serve.rb", "serve.sh", "settings.json", "vendor"]
["main.scss"]
["404.png", "404@2x.png", "apple-touch-icon-114x114-precomposed.png", "apple-touch-icon-144x144-precomposed.png", "apple-touch-icon-72x72-precomposed.png", "apple-touch-icon-precomposed.png", "backgrounds", "bt-logo-gray150.png", "bt-logo-gray150@2x.png", "bt-logo-rev.png", "bt-logo-rev@2x.png", "bt-logo.png", "bt-logo@2x.png", "death-tiec.jpg", "death-tiec@2x.jpg", "favicon-16x16.png", "favicon-32x32.png", "logo.png", "logo@2x.png", "rocket.png", "tie-gray.png", "user1.png", "user2.png"]
["argyle.png", "argyle_@2X.png", "bg2.jpg", "bg2@2x.jpg", "bgLight.png"]
["application.js", "countdown.js", "index.js", "prospect.js", "smoothscroll.js", "theme.js"]
["css", "favicon.ico", "img", "index.html", "vendor"]
["application.css", "theme.css"]
["backgrounds", "favicon-16x16.png", "favicon-32x32.png"]
["bg2.jpg", "bg2@2x.jpg"]
["bootstrap", "font-awesome"]
["dist"]
["css"]
["bootstrap.css"]
["css"]
["font-awesome.min.css"]
["bootstrap", "bowtie", "font-awesome", "jquery", "jquery.countdown", "magnific-popup", "retina.js"]
["bower.json", "dist", "Gruntfile.js", "js", "less", "LICENSE", "package.json", "README.md"]
["css", "fonts", "js"]
["bootstrap-theme.css", "bootstrap-theme.css.map", "bootstrap-theme.min.css", "bootstrap.css", "bootstrap.css.map", "bootstrap.min.css"]
["glyphicons-halflings-regular.eot", "glyphicons-halflings-regular.svg", "glyphicons-halflings-regular.ttf", "glyphicons-halflings-regular.woff"]
["bootstrap.js", "bootstrap.min.js", "npm.js"]
[]
[]
["bowtie.js", "bowtie.min.js", "Gulpfile.js", "package.json", "src", "vendor"]
["main.js"]
["handlebars.js", "jquery.turbolinks.min.js", "turbolinks.js"]
["bower.json", "css", "fonts", "scss"]
["font-awesome.css", "font-awesome.min.css"]
["fontawesome-webfont.eot", "fontawesome-webfont.svg", "fontawesome-webfont.ttf", "fontawesome-webfont.woff", "FontAwesome.otf"]
["font-awesome.scss"]
["bower.json", "dist", "MIT-LICENSE.txt"]
["jquery.js", "jquery.min.js", "jquery.min.map"]
["bower.json", "countdown.jquery.json", "dist", "karma.conf.js", "LICENSE.md", "README.md"]
["jquery.countdown.js", "jquery.countdown.min.js"]
["bower.json", "dist", "Gruntfile.js", "magnific-popup.jquery.json", "package.json", "README.md", "src"]
["jquery.magnific-popup.js", "jquery.magnific-popup.min.js", "magnific-popup.css"]
["css", "js"]
["main.scss"]
["ajax.js", "core.js", "fastclick.js", "gallery.js", "iframe.js", "image.js", "inline.js", "retina.js", "zoom.js"]
["bower.json", "dist", "Gruntfile.js", "LICENSE", "package.json", "README.md"]
["retina-1.3.0.zip", "retina.js", "retina.min.js"]
                    done.
 Auto-regeneration: enabled for '/Users/james/Documents/src/bowtie-lite/beer'
Configuration file: /Users/james/Documents/src/bowtie-lite/beer/_config.yml
jekyll 2.5.3 | Error:  Address already in use - bind(2) for 127.0.0.1:4000
      Regenerating: 1 files at 2015-01-21 17:07:15 ["400.html", "403.html", "404.html", "500.html", "about.md", "css", "dashboard.html", "favicon.ico", "feed.xml", "img", "index.html", "index.json", "js", "maintenance", "nohup.out", "posts.html", "serve.rb", "serve.sh", "settings.json", "vendor"]
["main.scss"]
["404.png", "404@2x.png", "apple-touch-icon-114x114-precomposed.png", "apple-touch-icon-144x144-precomposed.png", "apple-touch-icon-72x72-precomposed.png", "apple-touch-icon-precomposed.png", "backgrounds", "bt-logo-gray150.png", "bt-logo-gray150@2x.png", "bt-logo-rev.png", "bt-logo-rev@2x.png", "bt-logo.png", "bt-logo@2x.png", "death-tiec.jpg", "death-tiec@2x.jpg", "favicon-16x16.png", "favicon-32x32.png", "logo.png", "logo@2x.png", "rocket.png", "tie-gray.png", "user1.png", "user2.png"]
["argyle.png", "argyle_@2X.png", "bg2.jpg", "bg2@2x.jpg", "bgLight.png"]
["application.js", "countdown.js", "index.js", "prospect.js", "smoothscroll.js", "theme.js"]
["css", "favicon.ico", "img", "index.html", "vendor"]
["application.css", "theme.css"]
["backgrounds", "favicon-16x16.png", "favicon-32x32.png"]
["bg2.jpg", "bg2@2x.jpg"]
["bootstrap", "font-awesome"]
["dist"]
["css"]
["bootstrap.css"]
["css"]
["font-awesome.min.css"]
["bootstrap", "bowtie", "font-awesome", "jquery", "jquery.countdown", "magnific-popup", "retina.js"]
["bower.json", "dist", "Gruntfile.js", "js", "less", "LICENSE", "package.json", "README.md"]
["css", "fonts", "js"]
["bootstrap-theme.css", "bootstrap-theme.css.map", "bootstrap-theme.min.css", "bootstrap.css", "bootstrap.css.map", "bootstrap.min.css"]
["glyphicons-halflings-regular.eot", "glyphicons-halflings-regular.svg", "glyphicons-halflings-regular.ttf", "glyphicons-halflings-regular.woff"]
["bootstrap.js", "bootstrap.min.js", "npm.js"]
[]
[]
["bowtie.js", "bowtie.min.js", "Gulpfile.js", "package.json", "src", "vendor"]
["main.js"]
["handlebars.js", "jquery.turbolinks.min.js", "turbolinks.js"]
["bower.json", "css", "fonts", "scss"]
["font-awesome.css", "font-awesome.min.css"]
["fontawesome-webfont.eot", "fontawesome-webfont.svg", "fontawesome-webfont.ttf", "fontawesome-webfont.woff", "FontAwesome.otf"]
["font-awesome.scss"]
["bower.json", "dist", "MIT-LICENSE.txt"]
["jquery.js", "jquery.min.js", "jquery.min.map"]
["bower.json", "countdown.jquery.json", "dist", "karma.conf.js", "LICENSE.md", "README.md"]
["jquery.countdown.js", "jquery.countdown.min.js"]
["bower.json", "dist", "Gruntfile.js", "magnific-popup.jquery.json", "package.json", "README.md", "src"]
["jquery.magnific-popup.js", "jquery.magnific-popup.min.js", "magnific-popup.css"]
["css", "js"]
["main.scss"]
["ajax.js", "core.js", "fastclick.js", "gallery.js", "iframe.js", "image.js", "inline.js", "retina.js", "zoom.js"]
["bower.json", "dist", "Gruntfile.js", "LICENSE", "package.json", "README.md"]
["retina-1.3.0.zip", "retina.js", "retina.min.js"]
...done.
      Regenerating: 2 files at 2015-01-21 17:07:18 ["400.html", "403.html", "404.html", "500.html", "about.md", "css", "dashboard.html", "favicon.ico", "feed.xml", "img", "index.html", "index.json", "js", "maintenance", "nohup.out", "posts.html", "serve.rb", "serve.sh", "settings.json", "vendor"]
["main.scss"]
["404.png", "404@2x.png", "apple-touch-icon-114x114-precomposed.png", "apple-touch-icon-144x144-precomposed.png", "apple-touch-icon-72x72-precomposed.png", "apple-touch-icon-precomposed.png", "backgrounds", "bt-logo-gray150.png", "bt-logo-gray150@2x.png", "bt-logo-rev.png", "bt-logo-rev@2x.png", "bt-logo.png", "bt-logo@2x.png", "death-tiec.jpg", "death-tiec@2x.jpg", "favicon-16x16.png", "favicon-32x32.png", "logo.png", "logo@2x.png", "rocket.png", "tie-gray.png", "user1.png", "user2.png"]
["argyle.png", "argyle_@2X.png", "bg2.jpg", "bg2@2x.jpg", "bgLight.png"]
["application.js", "countdown.js", "index.js", "prospect.js", "smoothscroll.js", "theme.js"]
["css", "favicon.ico", "img", "index.html", "vendor"]
["application.css", "theme.css"]
["backgrounds", "favicon-16x16.png", "favicon-32x32.png"]
["bg2.jpg", "bg2@2x.jpg"]
["bootstrap", "font-awesome"]
["dist"]
["css"]
["bootstrap.css"]
["css"]
["font-awesome.min.css"]
["bootstrap", "bowtie", "font-awesome", "jquery", "jquery.countdown", "magnific-popup", "retina.js"]
["bower.json", "dist", "Gruntfile.js", "js", "less", "LICENSE", "package.json", "README.md"]
["css", "fonts", "js"]
["bootstrap-theme.css", "bootstrap-theme.css.map", "bootstrap-theme.min.css", "bootstrap.css", "bootstrap.css.map", "bootstrap.min.css"]
["glyphicons-halflings-regular.eot", "glyphicons-halflings-regular.svg", "glyphicons-halflings-regular.ttf", "glyphicons-halflings-regular.woff"]
["bootstrap.js", "bootstrap.min.js", "npm.js"]
[]
[]
["bowtie.js", "bowtie.min.js", "Gulpfile.js", "package.json", "src", "vendor"]
["main.js"]
["handlebars.js", "jquery.turbolinks.min.js", "turbolinks.js"]
["bower.json", "css", "fonts", "scss"]
["font-awesome.css", "font-awesome.min.css"]
["fontawesome-webfont.eot", "fontawesome-webfont.svg", "fontawesome-webfont.ttf", "fontawesome-webfont.woff", "FontAwesome.otf"]
["font-awesome.scss"]
["bower.json", "dist", "MIT-LICENSE.txt"]
["jquery.js", "jquery.min.js", "jquery.min.map"]
["bower.json", "countdown.jquery.json", "dist", "karma.conf.js", "LICENSE.md", "README.md"]
["jquery.countdown.js", "jquery.countdown.min.js"]
["bower.json", "dist", "Gruntfile.js", "magnific-popup.jquery.json", "package.json", "README.md", "src"]
["jquery.magnific-popup.js", "jquery.magnific-popup.min.js", "magnific-popup.css"]
["css", "js"]
["main.scss"]
["ajax.js", "core.js", "fastclick.js", "gallery.js", "iframe.js", "image.js", "inline.js", "retina.js", "zoom.js"]
["bower.json", "dist", "Gruntfile.js", "LICENSE", "package.json", "README.md"]
["retina-1.3.0.zip", "retina.js", "retina.min.js"]
...done.
/Users/james/.rubies/ruby-2.1.2/bin/ruby: warning: RUBY_HEAP_MIN_SLOTS is obsolete. Use RUBY_GC_HEAP_INIT_SLOTS instead.
Configuration file: /Users/james/Documents/src/bowtie-lite/beer/_config.yml
            Source: /Users/james/Documents/src/bowtie-lite/beer
       Destination: /Users/james/Documents/src/bowtie-lite/beer/_site
      Generating... 
["400.html", "403.html", "404.html", "500.html", "about.md", "css", "dashboard.html", "favicon.ico", "feed.xml", "img", "index.html", "index.json", "js", "maintenance", "nohup.out", "posts.html", "serve.rb", "serve.sh", "settings.json", "vendor"]
["main.scss"]
["404.png", "404@2x.png", "apple-touch-icon-114x114-precomposed.png", "apple-touch-icon-144x144-precomposed.png", "apple-touch-icon-72x72-precomposed.png", "apple-touch-icon-precomposed.png", "backgrounds", "bt-logo-gray150.png", "bt-logo-gray150@2x.png", "bt-logo-rev.png", "bt-logo-rev@2x.png", "bt-logo.png", "bt-logo@2x.png", "death-tiec.jpg", "death-tiec@2x.jpg", "favicon-16x16.png", "favicon-32x32.png", "logo.png", "logo@2x.png", "rocket.png", "tie-gray.png", "user1.png", "user2.png"]
["argyle.png", "argyle_@2X.png", "bg2.jpg", "bg2@2x.jpg", "bgLight.png"]
["application.js", "countdown.js", "index.js", "prospect.js", "smoothscroll.js", "theme.js"]
["css", "favicon.ico", "img", "index.html", "vendor"]
["application.css", "theme.css"]
["backgrounds", "favicon-16x16.png", "favicon-32x32.png"]
["bg2.jpg", "bg2@2x.jpg"]
["bootstrap", "font-awesome"]
["dist"]
["css"]
["bootstrap.css"]
["css"]
["font-awesome.min.css"]
["bootstrap", "bowtie", "font-awesome", "jquery", "jquery.countdown", "magnific-popup", "retina.js"]
["bower.json", "dist", "Gruntfile.js", "js", "less", "LICENSE", "package.json", "README.md"]
["css", "fonts", "js"]
["bootstrap-theme.css", "bootstrap-theme.css.map", "bootstrap-theme.min.css", "bootstrap.css", "bootstrap.css.map", "bootstrap.min.css"]
["glyphicons-halflings-regular.eot", "glyphicons-halflings-regular.svg", "glyphicons-halflings-regular.ttf", "glyphicons-halflings-regular.woff"]
["bootstrap.js", "bootstrap.min.js", "npm.js"]
[]
[]
["bowtie.js", "bowtie.min.js", "Gulpfile.js", "package.json", "src", "vendor"]
["main.js"]
["handlebars.js", "jquery.turbolinks.min.js", "turbolinks.js"]
["bower.json", "css", "fonts", "scss"]
["font-awesome.css", "font-awesome.min.css"]
["fontawesome-webfont.eot", "fontawesome-webfont.svg", "fontawesome-webfont.ttf", "fontawesome-webfont.woff", "FontAwesome.otf"]
["font-awesome.scss"]
["bower.json", "dist", "MIT-LICENSE.txt"]
["jquery.js", "jquery.min.js", "jquery.min.map"]
["bower.json", "countdown.jquery.json", "dist", "karma.conf.js", "LICENSE.md", "README.md"]
["jquery.countdown.js", "jquery.countdown.min.js"]
["bower.json", "dist", "Gruntfile.js", "magnific-popup.jquery.json", "package.json", "README.md", "src"]
["jquery.magnific-popup.js", "jquery.magnific-popup.min.js", "magnific-popup.css"]
["css", "js"]
["main.scss"]
["ajax.js", "core.js", "fastclick.js", "gallery.js", "iframe.js", "image.js", "inline.js", "retina.js", "zoom.js"]
["bower.json", "dist", "Gruntfile.js", "LICENSE", "package.json", "README.md"]
["retina-1.3.0.zip", "retina.js", "retina.min.js"]
                    done.
 Auto-regeneration: enabled for '/Users/james/Documents/src/bowtie-lite/beer'
Configuration file: /Users/james/Documents/src/bowtie-lite/beer/_config.yml
jekyll 2.5.3 | Error:  Address already in use - bind(2) for 127.0.0.1:4000
      Regenerating: 1 files at 2015-01-21 17:07:20 ["400.html", "403.html", "404.html", "500.html", "about.md", "css", "dashboard.html", "favicon.ico", "feed.xml", "img", "index.html", "index.json", "js", "maintenance", "nohup.out", "posts.html", "serve.rb", "serve.sh", "settings.json", "vendor"]
["main.scss"]
["404.png", "404@2x.png", "apple-touch-icon-114x114-precomposed.png", "apple-touch-icon-144x144-precomposed.png", "apple-touch-icon-72x72-precomposed.png", "apple-touch-icon-precomposed.png", "backgrounds", "bt-logo-gray150.png", "bt-logo-gray150@2x.png", "bt-logo-rev.png", "bt-logo-rev@2x.png", "bt-logo.png", "bt-logo@2x.png", "death-tiec.jpg", "death-tiec@2x.jpg", "favicon-16x16.png", "favicon-32x32.png", "logo.png", "logo@2x.png", "rocket.png", "tie-gray.png", "user1.png", "user2.png"]
["argyle.png", "argyle_@2X.png", "bg2.jpg", "bg2@2x.jpg", "bgLight.png"]
["application.js", "countdown.js", "index.js", "prospect.js", "smoothscroll.js", "theme.js"]
["css", "favicon.ico", "img", "index.html", "vendor"]
["application.css", "theme.css"]
["backgrounds", "favicon-16x16.png", "favicon-32x32.png"]
["bg2.jpg", "bg2@2x.jpg"]
["bootstrap", "font-awesome"]
["dist"]
["css"]
["bootstrap.css"]
["css"]
["font-awesome.min.css"]
["bootstrap", "bowtie", "font-awesome", "jquery", "jquery.countdown", "magnific-popup", "retina.js"]
["bower.json", "dist", "Gruntfile.js", "js", "less", "LICENSE", "package.json", "README.md"]
["css", "fonts", "js"]
["bootstrap-theme.css", "bootstrap-theme.css.map", "bootstrap-theme.min.css", "bootstrap.css", "bootstrap.css.map", "bootstrap.min.css"]
["glyphicons-halflings-regular.eot", "glyphicons-halflings-regular.svg", "glyphicons-halflings-regular.ttf", "glyphicons-halflings-regular.woff"]
["bootstrap.js", "bootstrap.min.js", "npm.js"]
[]
[]
["bowtie.js", "bowtie.min.js", "Gulpfile.js", "package.json", "src", "vendor"]
["main.js"]
["handlebars.js", "jquery.turbolinks.min.js", "turbolinks.js"]
["bower.json", "css", "fonts", "scss"]
["font-awesome.css", "font-awesome.min.css"]
["fontawesome-webfont.eot", "fontawesome-webfont.svg", "fontawesome-webfont.ttf", "fontawesome-webfont.woff", "FontAwesome.otf"]
["font-awesome.scss"]
["bower.json", "dist", "MIT-LICENSE.txt"]
["jquery.js", "jquery.min.js", "jquery.min.map"]
["bower.json", "countdown.jquery.json", "dist", "karma.conf.js", "LICENSE.md", "README.md"]
["jquery.countdown.js", "jquery.countdown.min.js"]
["bower.json", "dist", "Gruntfile.js", "magnific-popup.jquery.json", "package.json", "README.md", "src"]
["jquery.magnific-popup.js", "jquery.magnific-popup.min.js", "magnific-popup.css"]
["css", "js"]
["main.scss"]
["ajax.js", "core.js", "fastclick.js", "gallery.js", "iframe.js", "image.js", "inline.js", "retina.js", "zoom.js"]
["bower.json", "dist", "Gruntfile.js", "LICENSE", "package.json", "README.md"]
["retina-1.3.0.zip", "retina.js", "retina.min.js"]
...done.
